[2021-04-11T18:44:53.094-0400][gc] Using G1
[2021-04-11T18:44:53.098-0400][gc,init] Version: 16+36-sapmachine (release)
[2021-04-11T18:44:53.098-0400][gc,init] CPUs: 8 total, 8 available
[2021-04-11T18:44:53.098-0400][gc,init] Memory: 8192M
[2021-04-11T18:44:53.098-0400][gc,init] Large Page Support: Disabled
[2021-04-11T18:44:53.098-0400][gc,init] NUMA Support: Disabled
[2021-04-11T18:44:53.098-0400][gc,init] Compressed Oops: Enabled (Zero based)
[2021-04-11T18:44:53.098-0400][gc,init] Heap Region Size: 1M
[2021-04-11T18:44:53.098-0400][gc,init] Heap Min Capacity: 1G
[2021-04-11T18:44:53.098-0400][gc,init] Heap Initial Capacity: 1G
[2021-04-11T18:44:53.098-0400][gc,init] Heap Max Capacity: 1G
[2021-04-11T18:44:53.098-0400][gc,init] Pre-touch: Disabled
[2021-04-11T18:44:53.098-0400][gc,init] Parallel Workers: 8
[2021-04-11T18:44:53.098-0400][gc,init] Concurrent Workers: 2
[2021-04-11T18:44:53.098-0400][gc,init] Concurrent Refinement Workers: 8
[2021-04-11T18:44:53.098-0400][gc,init] Periodic GC: Disabled
[2021-04-11T18:44:53.098-0400][gc,metaspace] CDS archive(s) mapped at: [0x0000000800000000-0x0000000800beb000-0x0000000800beb000), size 12496896, SharedBaseAddress: 0x0000000800000000, ArchiveRelocationMode: 0.
[2021-04-11T18:44:53.098-0400][gc,metaspace] Compressed class space mapped at: 0x0000000800c00000-0x0000000840c00000, reserved size: 1073741824
[2021-04-11T18:44:53.098-0400][gc,metaspace] Narrow klass base: 0x0000000800000000, Narrow klass shift: 3, Narrow klass range: 0x100000000
[2021-04-11T18:44:54.945-0400][gc,start    ] GC(0) Pause Young (Normal) (G1 Evacuation Pause)
[2021-04-11T18:44:54.945-0400][gc,task     ] GC(0) Using 8 workers of 8 for evacuation
[2021-04-11T18:44:54.959-0400][gc,phases   ] GC(0)   Pre Evacuate Collection Set: 0.2ms
[2021-04-11T18:44:54.959-0400][gc,phases   ] GC(0)   Merge Heap Roots: 0.0ms
[2021-04-11T18:44:54.959-0400][gc,phases   ] GC(0)   Evacuate Collection Set: 12.5ms
[2021-04-11T18:44:54.959-0400][gc,phases   ] GC(0)   Post Evacuate Collection Set: 0.4ms
[2021-04-11T18:44:54.959-0400][gc,phases   ] GC(0)   Other: 0.8ms
[2021-04-11T18:44:54.959-0400][gc,heap     ] GC(0) Eden regions: 51->0(44)
[2021-04-11T18:44:54.959-0400][gc,heap     ] GC(0) Survivor regions: 0->7(7)
[2021-04-11T18:44:54.959-0400][gc,heap     ] GC(0) Old regions: 0->0
[2021-04-11T18:44:54.959-0400][gc,heap     ] GC(0) Archive regions: 2->2
[2021-04-11T18:44:54.959-0400][gc,heap     ] GC(0) Humongous regions: 0->0
[2021-04-11T18:44:54.959-0400][gc,metaspace] GC(0) Metaspace: 18670K(18816K)->18670K(18816K) NonClass: 16500K(16576K)->16500K(16576K) Class: 2169K(2240K)->2169K(2240K)
[2021-04-11T18:44:54.959-0400][gc          ] GC(0) Pause Young (Normal) (G1 Evacuation Pause) 51M->7M(1024M) 14.066ms
[2021-04-11T18:44:54.959-0400][gc,cpu      ] GC(0) User=0.03s Sys=0.01s Real=0.01s
[2021-04-11T18:44:55.197-0400][gc,start    ] GC(1) Pause Young (Concurrent Start) (Metadata GC Threshold)
[2021-04-11T18:44:55.197-0400][gc,task     ] GC(1) Using 8 workers of 8 for evacuation
[2021-04-11T18:44:55.205-0400][gc,phases   ] GC(1)   Pre Evacuate Collection Set: 0.1ms
[2021-04-11T18:44:55.205-0400][gc,phases   ] GC(1)   Merge Heap Roots: 0.0ms
[2021-04-11T18:44:55.205-0400][gc,phases   ] GC(1)   Evacuate Collection Set: 7.3ms
[2021-04-11T18:44:55.205-0400][gc,phases   ] GC(1)   Post Evacuate Collection Set: 0.3ms
[2021-04-11T18:44:55.205-0400][gc,phases   ] GC(1)   Other: 0.2ms
[2021-04-11T18:44:55.205-0400][gc,heap     ] GC(1) Eden regions: 11->0(49)
[2021-04-11T18:44:55.205-0400][gc,heap     ] GC(1) Survivor regions: 7->2(7)
[2021-04-11T18:44:55.205-0400][gc,heap     ] GC(1) Old regions: 0->7
[2021-04-11T18:44:55.205-0400][gc,heap     ] GC(1) Archive regions: 2->2
[2021-04-11T18:44:55.205-0400][gc,heap     ] GC(1) Humongous regions: 129->129
[2021-04-11T18:44:55.205-0400][gc,metaspace] GC(1) Metaspace: 21025K(21248K)->21025K(21248K) NonClass: 18582K(18688K)->18582K(18688K) Class: 2442K(2560K)->2442K(2560K)
[2021-04-11T18:44:55.205-0400][gc          ] GC(1) Pause Young (Concurrent Start) (Metadata GC Threshold) 147M->138M(1024M) 7.981ms
[2021-04-11T18:44:55.205-0400][gc,cpu      ] GC(1) User=0.02s Sys=0.01s Real=0.01s
[2021-04-11T18:44:55.205-0400][gc          ] GC(2) Concurrent Mark Cycle
[2021-04-11T18:44:55.205-0400][gc,marking  ] GC(2) Concurrent Clear Claimed Marks
[2021-04-11T18:44:55.205-0400][gc,marking  ] GC(2) Concurrent Clear Claimed Marks 0.014ms
[2021-04-11T18:44:55.205-0400][gc,marking  ] GC(2) Concurrent Scan Root Regions
[2021-04-11T18:44:55.207-0400][gc,marking  ] GC(2) Concurrent Scan Root Regions 1.910ms
[2021-04-11T18:44:55.207-0400][gc,marking  ] GC(2) Concurrent Mark
[2021-04-11T18:44:55.207-0400][gc,marking  ] GC(2) Concurrent Mark From Roots
[2021-04-11T18:44:55.207-0400][gc,task     ] GC(2) Using 2 workers of 2 for marking
[2021-04-11T18:44:55.209-0400][gc,marking  ] GC(2) Concurrent Mark From Roots 1.706ms
[2021-04-11T18:44:55.209-0400][gc,marking  ] GC(2) Concurrent Preclean
[2021-04-11T18:44:55.209-0400][gc,marking  ] GC(2) Concurrent Preclean 0.026ms
[2021-04-11T18:44:55.209-0400][gc,start    ] GC(2) Pause Remark
[2021-04-11T18:44:55.216-0400][gc          ] GC(2) Pause Remark 138M->138M(1024M) 6.361ms
[2021-04-11T18:44:55.216-0400][gc,cpu      ] GC(2) User=0.01s Sys=0.01s Real=0.01s
[2021-04-11T18:44:55.216-0400][gc,marking  ] GC(2) Concurrent Mark 8.737ms
[2021-04-11T18:44:55.216-0400][gc,marking  ] GC(2) Concurrent Rebuild Remembered Sets
[2021-04-11T18:44:55.218-0400][gc,marking  ] GC(2) Concurrent Rebuild Remembered Sets 1.614ms
[2021-04-11T18:44:55.218-0400][gc,start    ] GC(2) Pause Cleanup
[2021-04-11T18:44:55.218-0400][gc          ] GC(2) Pause Cleanup 138M->138M(1024M) 0.084ms
[2021-04-11T18:44:55.218-0400][gc,cpu      ] GC(2) User=0.00s Sys=0.00s Real=0.00s
[2021-04-11T18:44:55.218-0400][gc,marking  ] GC(2) Concurrent Cleanup for Next Mark
[2021-04-11T18:44:55.223-0400][gc,marking  ] GC(2) Concurrent Cleanup for Next Mark 4.455ms
[2021-04-11T18:44:55.223-0400][gc          ] GC(2) Concurrent Mark Cycle 17.963ms
[2021-04-11T18:44:56.614-0400][gc,start    ] GC(3) Pause Young (Normal) (G1 Evacuation Pause)
[2021-04-11T18:44:56.620-0400][gc,task     ] GC(3) Using 8 workers of 8 for evacuation
[2021-04-11T18:44:56.624-0400][gc,phases   ] GC(3)   Pre Evacuate Collection Set: 0.2ms
[2021-04-11T18:44:56.624-0400][gc,phases   ] GC(3)   Merge Heap Roots: 0.1ms
[2021-04-11T18:44:56.624-0400][gc,phases   ] GC(3)   Evacuate Collection Set: 3.5ms
[2021-04-11T18:44:56.624-0400][gc,phases   ] GC(3)   Post Evacuate Collection Set: 0.2ms
[2021-04-11T18:44:56.624-0400][gc,phases   ] GC(3)   Other: 5.8ms
[2021-04-11T18:44:56.624-0400][gc,heap     ] GC(3) Eden regions: 49->0(45)
[2021-04-11T18:44:56.624-0400][gc,heap     ] GC(3) Survivor regions: 2->6(7)
[2021-04-11T18:44:56.624-0400][gc,heap     ] GC(3) Old regions: 7->7
[2021-04-11T18:44:56.624-0400][gc,heap     ] GC(3) Archive regions: 2->2
[2021-04-11T18:44:56.624-0400][gc,heap     ] GC(3) Humongous regions: 129->129
[2021-04-11T18:44:56.624-0400][gc,metaspace] GC(3) Metaspace: 33167K(33344K)->33167K(33344K) NonClass: 29593K(29696K)->29593K(29696K) Class: 3574K(3648K)->3574K(3648K)
[2021-04-11T18:44:56.624-0400][gc          ] GC(3) Pause Young (Normal) (G1 Evacuation Pause) 187M->141M(1024M) 9.851ms
[2021-04-11T18:44:56.624-0400][gc,cpu      ] GC(3) User=0.02s Sys=0.01s Real=0.01s
[2021-04-11T18:59:37.931-0400][gc,start    ] GC(4) Pause Young (Concurrent Start) (Metadata GC Threshold)
[2021-04-11T18:59:37.931-0400][gc,task     ] GC(4) Using 8 workers of 8 for evacuation
[2021-04-11T18:59:37.945-0400][gc,phases   ] GC(4)   Pre Evacuate Collection Set: 0.6ms
[2021-04-11T18:59:37.945-0400][gc,phases   ] GC(4)   Merge Heap Roots: 0.2ms
[2021-04-11T18:59:37.945-0400][gc,phases   ] GC(4)   Evacuate Collection Set: 11.3ms
[2021-04-11T18:59:37.945-0400][gc,phases   ] GC(4)   Post Evacuate Collection Set: 1.1ms
[2021-04-11T18:59:37.945-0400][gc,phases   ] GC(4)   Other: 2.4ms
[2021-04-11T18:59:37.945-0400][gc,heap     ] GC(4) Eden regions: 17->0(50)
[2021-04-11T18:59:37.945-0400][gc,heap     ] GC(4) Survivor regions: 6->1(7)
[2021-04-11T18:59:37.945-0400][gc,heap     ] GC(4) Old regions: 7->12
[2021-04-11T18:59:37.946-0400][gc,heap     ] GC(4) Archive regions: 2->2
[2021-04-11T18:59:37.946-0400][gc,heap     ] GC(4) Humongous regions: 129->129
[2021-04-11T18:59:37.946-0400][gc,metaspace] GC(4) Metaspace: 35308K(35520K)->35308K(35520K) NonClass: 31434K(31552K)->31434K(31552K) Class: 3873K(3968K)->3873K(3968K)
[2021-04-11T18:59:37.946-0400][gc          ] GC(4) Pause Young (Concurrent Start) (Metadata GC Threshold) 158M->142M(1024M) 15.566ms
[2021-04-11T18:59:37.946-0400][gc,cpu      ] GC(4) User=0.03s Sys=0.02s Real=0.01s
[2021-04-11T18:59:37.946-0400][gc          ] GC(5) Concurrent Mark Cycle
[2021-04-11T18:59:37.946-0400][gc,marking  ] GC(5) Concurrent Clear Claimed Marks
[2021-04-11T18:59:37.946-0400][gc,marking  ] GC(5) Concurrent Clear Claimed Marks 0.025ms
[2021-04-11T18:59:37.946-0400][gc,marking  ] GC(5) Concurrent Scan Root Regions
[2021-04-11T18:59:37.948-0400][gc,marking  ] GC(5) Concurrent Scan Root Regions 2.186ms
[2021-04-11T18:59:37.948-0400][gc,marking  ] GC(5) Concurrent Mark
[2021-04-11T18:59:37.948-0400][gc,marking  ] GC(5) Concurrent Mark From Roots
[2021-04-11T18:59:37.948-0400][gc,task     ] GC(5) Using 2 workers of 2 for marking
[2021-04-11T18:59:37.952-0400][gc,marking  ] GC(5) Concurrent Mark From Roots 4.087ms
[2021-04-11T18:59:37.952-0400][gc,marking  ] GC(5) Concurrent Preclean
[2021-04-11T18:59:37.952-0400][gc,marking  ] GC(5) Concurrent Preclean 0.126ms
[2021-04-11T18:59:37.953-0400][gc,start    ] GC(5) Pause Remark
[2021-04-11T18:59:37.975-0400][gc,mmu      ] GC(5) MMU target violated: 21.0ms (20.0ms/21.0ms)
[2021-04-11T18:59:37.975-0400][gc          ] GC(5) Pause Remark 142M->142M(1024M) 22.378ms
[2021-04-11T18:59:37.975-0400][gc,cpu      ] GC(5) User=0.02s Sys=0.03s Real=0.02s
[2021-04-11T18:59:37.975-0400][gc,marking  ] GC(5) Concurrent Mark 27.015ms
[2021-04-11T18:59:37.975-0400][gc,marking  ] GC(5) Concurrent Rebuild Remembered Sets
[2021-04-11T18:59:37.980-0400][gc,marking  ] GC(5) Concurrent Rebuild Remembered Sets 5.140ms
[2021-04-11T18:59:37.981-0400][gc,start    ] GC(5) Pause Cleanup
[2021-04-11T18:59:37.981-0400][gc          ] GC(5) Pause Cleanup 143M->143M(1024M) 0.134ms
[2021-04-11T18:59:37.981-0400][gc,cpu      ] GC(5) User=0.00s Sys=0.00s Real=0.00s
[2021-04-11T18:59:37.981-0400][gc,marking  ] GC(5) Concurrent Cleanup for Next Mark
[2021-04-11T18:59:37.989-0400][gc,marking  ] GC(5) Concurrent Cleanup for Next Mark 7.737ms
[2021-04-11T18:59:37.990-0400][gc          ] GC(5) Concurrent Mark Cycle 43.794ms
[2021-04-11T19:06:25.017-0400][gc,start    ] GC(6) Pause Young (Normal) (G1 Evacuation Pause)
[2021-04-11T19:06:25.018-0400][gc,task     ] GC(6) Using 8 workers of 8 for evacuation
[2021-04-11T19:06:25.051-0400][gc,mmu      ] GC(6) MMU target violated: 21.0ms (20.0ms/21.0ms)
[2021-04-11T19:06:25.051-0400][gc,phases   ] GC(6)   Pre Evacuate Collection Set: 1.4ms
[2021-04-11T19:06:25.051-0400][gc,phases   ] GC(6)   Merge Heap Roots: 0.3ms
[2021-04-11T19:06:25.051-0400][gc,phases   ] GC(6)   Evacuate Collection Set: 29.7ms
[2021-04-11T19:06:25.051-0400][gc,phases   ] GC(6)   Post Evacuate Collection Set: 0.8ms
[2021-04-11T19:06:25.051-0400][gc,phases   ] GC(6)   Other: 1.9ms
[2021-04-11T19:06:25.051-0400][gc,heap     ] GC(6) Eden regions: 50->0(47)
[2021-04-11T19:06:25.051-0400][gc,heap     ] GC(6) Survivor regions: 1->4(7)
[2021-04-11T19:06:25.051-0400][gc,heap     ] GC(6) Old regions: 12->12
[2021-04-11T19:06:25.051-0400][gc,heap     ] GC(6) Archive regions: 2->2
[2021-04-11T19:06:25.051-0400][gc,heap     ] GC(6) Humongous regions: 129->129
[2021-04-11T19:06:25.051-0400][gc,metaspace] GC(6) Metaspace: 39357K(39808K)->39357K(39808K) NonClass: 35021K(35264K)->35021K(35264K) Class: 4335K(4544K)->4335K(4544K)
[2021-04-11T19:06:25.051-0400][gc          ] GC(6) Pause Young (Normal) (G1 Evacuation Pause) 192M->145M(1024M) 33.923ms
[2021-04-11T19:06:25.051-0400][gc,cpu      ] GC(6) User=0.05s Sys=0.06s Real=0.04s
